2021-04-04T16:18:08+00:00 CRITICAL Uncaught Error: Call to a member function get_rating_count() on null in D:\xampp\htdocs\plantenpassernl\wp-content\plugins\carousel_product\functions.php:151
Stack trace:
#0 D:\xampp\htdocs\plantenpassernl\wp-content\plugins\carousel_product\functions.php(116): display_product_data()
#1 D:\xampp\htdocs\plantenpassernl\wp-includes\shortcodes.php(343): product_carousel('', '', 'carousel_shortc...')
#2 [internal function]: do_shortcode_tag(Array)
#3 D:\xampp\htdocs\plantenpassernl\wp-includes\shortcodes.php(218): preg_replace_callback('/\\[(\\[?)(carous...', 'do_shortcode_ta...', '[carousel_short...')
#4 D:\xampp\htdocs\plantenpassernl\wp-includes\class-wp-hook.php(292): do_shortcode('[carousel_short...')
#5 D:\xampp\htdocs\plantenpassernl\wp-includes\plugin.php(212): WP_Hook->apply_filters('[carousel_short...', Array)
#6 D:\xampp\htdocs\plantenpassernl\wp-content\plugins\woocommerce\includes\wc-formatting-functions.php(1091): apply_filters('woocommerce_sho...', '<!-- wp:shortco...')
#7 D:\xampp\htdocs\plantenpa in D:\xampp\htdocs\plantenpassernl\wp-content\plugins\carousel_product\functions.php on line 151

2021-04-04T16:18:11+00:00 CRITICAL Uncaught Error: Call to a member function get_rating_count() on null in D:\xampp\htdocs\plantenpassernl\wp-content\plugins\carousel_product\functions.php:151
Stack trace:
#0 D:\xampp\htdocs\plantenpassernl\wp-content\plugins\carousel_product\functions.php(116): display_product_data()
#1 D:\xampp\htdocs\plantenpassernl\wp-includes\shortcodes.php(343): product_carousel('', '', 'carousel_shortc...')
#2 [internal function]: do_shortcode_tag(Array)
#3 D:\xampp\htdocs\plantenpassernl\wp-includes\shortcodes.php(218): preg_replace_callback('/\\[(\\[?)(carous...', 'do_shortcode_ta...', '[carousel_short...')
#4 D:\xampp\htdocs\plantenpassernl\wp-includes\class-wp-hook.php(292): do_shortcode('[carousel_short...')
#5 D:\xampp\htdocs\plantenpassernl\wp-includes\plugin.php(212): WP_Hook->apply_filters('[carousel_short...', Array)
#6 D:\xampp\htdocs\plantenpassernl\wp-content\plugins\woocommerce\includes\wc-formatting-functions.php(1091): apply_filters('woocommerce_sho...', '<!-- wp:shortco...')
#7 D:\xampp\htdocs\plantenpa in D:\xampp\htdocs\plantenpassernl\wp-content\plugins\carousel_product\functions.php on line 151

